<?xml version="1.0" encoding="UTF-8"?>
<!-- Generated by org.testng.reporters.JUnitXMLReporter -->
<testsuite ignored="0" hostname="DESKTOP-VP18333" failures="0" tests="4" name="Default test" time="67.758" errors="0" timestamp="17 Jul 2022 04:25:48 GMT">
  <testcase classname="Toolsqa.ToolsaQATestCase.TestCaseValidations" name="AutoComplete" time="4.995"/>
  <testcase classname="Toolsqa.ToolsaQATestCase.TestCaseValidations" name="slider" time="5.15"/>
  <testcase classname="Toolsqa.ToolsaQATestCase.TestCaseValidations" name="progressBar" time="8.767"/>
  <testcase classname="Toolsqa.ToolsaQATestCase.TestCaseValidations" name="menuSelection" time="36.344"/>
</testsuite> <!-- Default test -->
